<?xml version="1.0" encoding="UTF-8"?>
<testsuite xmlns:xsi="http://www.w3.org/2001/XMLSchema-instance" xsi:noNamespaceSchemaLocation="https://maven.apache.org/surefire/maven-surefire-plugin/xsd/surefire-test-report-3.0.xsd" version="3.0" name="com.example.bookmanager.BookManagerApplicationTests" time="13.469" tests="1" errors="0" skipped="0" failures="0">
  <properties>
[...]
</properties>
  <testcase name="contextLoads" classname="com.example.bookmanager.BookManagerApplicationTests" time="0.746">
    <system-out><![CDATA[13:11:54.425 [main] INFO org.springframework.test.context.support.AnnotationConfigContextLoaderUtils -- Could not detect default configuration classes for test class [com.example.bookmanager.BookManagerApplicationTests]: BookManagerApplicationTests does not declare any static, non-private, non-final, nested classes annotated with @Configuration.
13:11:54.623 [main] INFO org.springframework.boot.test.context.SpringBootTestContextBootstrapper -- Found @SpringBootConfiguration com.example.bookmanager.BookManagerApplication for test class com.example.bookmanager.BookManagerApplicationTests
13:11:54.949 [main] INFO org.springframework.boot.devtools.restart.RestartApplicationListener -- Restart disabled due to context in which it is running

  .   ____          _            __ _ _
 /\\ / ___'_ __ _ _(_)_ __  __ _ \ \ \ \
( ( )\___ | '_ | '_| | '_ \/ _` | \ \ \ \
 \\/  ___)| |_)| | | | | || (_| |  ) ) ) )
  '  |____| .__|_| |_|_| |_\__, | / / / /
 =========|_|==============|___/=/_/_/_/

 :: Spring Boot ::                (v3.3.2)

2024-09-12T13:11:55.684+07:00  INFO 29444 --- [BookManager] [           main] c.e.b.BookManagerApplicationTests        : Starting BookManagerApplicationTests using Java 22.0.2 with PID 29444 (started by Administrator in D:\KTC2024\29082024\BookManagerJWTChange)
2024-09-12T13:11:55.687+07:00  INFO 29444 --- [BookManager] [           main] c.e.b.BookManagerApplicationTests        : No active profile set, falling back to 1 default profile: "default"
2024-09-12T13:11:57.290+07:00  INFO 29444 --- [BookManager] [           main] .s.d.r.c.RepositoryConfigurationDelegate : Bootstrapping Spring Data JPA repositories in DEFAULT mode.
2024-09-12T13:11:57.416+07:00  INFO 29444 --- [BookManager] [           main] .s.d.r.c.RepositoryConfigurationDelegate : Finished Spring Data repository scanning in 109 ms. Found 3 JPA repository interfaces.
2024-09-12T13:11:58.078+07:00  WARN 29444 --- [BookManager] [           main] trationDelegate$BeanPostProcessorChecker : Bean 'org.springframework.ws.config.annotation.DelegatingWsConfiguration' of type [org.springframework.ws.config.annotation.DelegatingWsConfiguration$$SpringCGLIB$$0] is not eligible for getting processed by all BeanPostProcessors (for example: not eligible for auto-proxying). The currently created BeanPostProcessor [annotationActionEndpointMapping] is declared through a non-static factory method on that class; consider declaring it as static instead.
2024-09-12T13:11:58.130+07:00  INFO 29444 --- [BookManager] [           main] .w.s.a.s.AnnotationActionEndpointMapping : Supporting [WS-Addressing August 2004, WS-Addressing 1.0]
2024-09-12T13:11:58.831+07:00  INFO 29444 --- [BookManager] [           main] o.hibernate.jpa.internal.util.LogHelper  : HHH000204: Processing PersistenceUnitInfo [name: default]
2024-09-12T13:11:59.006+07:00  INFO 29444 --- [BookManager] [           main] org.hibernate.Version                    : HHH000412: Hibernate ORM core version 6.5.2.Final
2024-09-12T13:11:59.093+07:00  INFO 29444 --- [BookManager] [           main] o.h.c.internal.RegionFactoryInitiator    : HHH000026: Second-level cache disabled
2024-09-12T13:11:59.785+07:00  INFO 29444 --- [BookManager] [           main] o.s.o.j.p.SpringPersistenceUnitInfo      : No LoadTimeWeaver setup: ignoring JPA class transformer
2024-09-12T13:11:59.844+07:00  INFO 29444 --- [BookManager] [           main] com.zaxxer.hikari.HikariDataSource       : HikariPool-1 - Starting...
2024-09-12T13:12:00.661+07:00  INFO 29444 --- [BookManager] [           main] com.zaxxer.hikari.pool.HikariPool        : HikariPool-1 - Added connection oracle.jdbc.driver.T4CConnection@7c9372ed
2024-09-12T13:12:00.665+07:00  INFO 29444 --- [BookManager] [           main] com.zaxxer.hikari.HikariDataSource       : HikariPool-1 - Start completed.
2024-09-12T13:12:01.003+07:00  WARN 29444 --- [BookManager] [           main] org.hibernate.orm.deprecation            : HHH90000025: OracleDialect does not need to be specified explicitly using 'hibernate.dialect' (remove the property setting and it will be selected by default)
Hibernate: 
    create global temporary table HTE_password_reset_token(rn_ number(10, 0) not null, user_id number(10, 0), expiry_date timestamp(6), id number(19, 0), token varchar2(255 char), primary key (rn_)) 
        on commit delete rows
2024-09-12T13:12:02.990+07:00  INFO 29444 --- [BookManager] [           main] o.h.e.t.j.p.i.JtaPlatformInitiator       : HHH000489: No JTA platform available (set 'hibernate.transaction.jta.platform' to enable JTA platform integration)
2024-09-12T13:12:03.271+07:00  INFO 29444 --- [BookManager] [           main] j.LocalContainerEntityManagerFactoryBean : Initialized JPA EntityManagerFactory for persistence unit 'default'
2024-09-12T13:12:03.979+07:00  INFO 29444 --- [BookManager] [           main] o.s.d.j.r.query.QueryEnhancerFactory     : Hibernate is in classpath; If applicable, HQL parser will be used.
2024-09-12T13:12:05.110+07:00  INFO 29444 --- [BookManager] [           main] eAuthenticationProviderManagerConfigurer : Global AuthenticationManager configured with AuthenticationProvider bean with name authenticationProvider
2024-09-12T13:12:05.111+07:00  WARN 29444 --- [BookManager] [           main] r$InitializeUserDetailsManagerConfigurer : Global AuthenticationManager configured with an AuthenticationProvider bean. UserDetailsService beans will not be used for username/password login. Consider removing the AuthenticationProvider bean. Alternatively, consider using the UserDetailsService in a manually instantiated DaoAuthenticationProvider.
2024-09-12T13:12:05.334+07:00  WARN 29444 --- [BookManager] [           main] JpaBaseConfiguration$JpaWebConfiguration : spring.jpa.open-in-view is enabled by default. Therefore, database queries may be performed during view rendering. Explicitly configure spring.jpa.open-in-view to disable this warning
2024-09-12T13:12:06.774+07:00  INFO 29444 --- [BookManager] [           main] c.e.b.BookManagerApplicationTests        : Started BookManagerApplicationTests in 11.859 seconds (process running for 15.144)
]]></system-out>
    <system-err><![CDATA[WARNING: A Java agent has been loaded dynamically (C:\Users\Administrator\.m2\repository\net\bytebuddy\byte-buddy-agent\1.14.18\byte-buddy-agent-1.14.18.jar)
WARNING: If a serviceability tool is in use, please run with -XX:+EnableDynamicAgentLoading to hide this warning
WARNING: If a serviceability tool is not in use, please run with -Djdk.instrument.traceUsage for more information
WARNING: Dynamic loading of agents will be disallowed by default in a future release
]]></system-err>
  </testcase>
</testsuite>